Using pre-set license

 COMMAND LINE ARGUMENTS:
/Applications/Unity/Hub/Editor/2020.3.5f1/Unity.app/Contents/MacOS/Unity
-adb2
-batchMode
-noUpm
-name
AssetImportWorker0
-projectPath
/Users/adop_mac/Dev/Bidmad-Unity/BidmadPluginSample
-logFile
Logs/AssetImportWorker0.log
-srvPort
60288
Successfully changed project path to: /Users/adop_mac/Dev/Bidmad-Unity/BidmadPluginSample
/Users/adop_mac/Dev/Bidmad-Unity/BidmadPluginSample
Using Asset Import Pipeline V2.
Refreshing native plugins compatible for Editor in 34.38 ms, found 1 plugins.
Preloading 0 native plugins for Editor in 0.00 ms.
Initialize engine version: 2020.3.5f1 (8095aa901b9b)
[Subsystems] Discovering subsystems at path /Applications/Unity/Hub/Editor/2020.3.5f1/Unity.app/Contents/Resources/UnitySubsystems
[Subsystems] Discovering subsystems at path /Users/adop_mac/Dev/Bidmad-Unity/BidmadPluginSample/Assets
GfxDevice: creating device client; threaded=0
2021-12-20 15:45:14.174 Unity[75406:1055836] VX3276-QHD preferred device: Intel(R) Iris(TM) Plus Graphics (low power)
2021-12-20 15:45:14.174 Unity[75406:1055836] Metal devices available: 1
2021-12-20 15:45:14.174 Unity[75406:1055836] 0: Intel(R) Iris(TM) Plus Graphics (low power)
2021-12-20 15:45:14.174 Unity[75406:1055836] Using device Intel(R) Iris(TM) Plus Graphics (low power)
Initializing Metal device caps: Intel(R) Iris(TM) Plus Graphics
Initialize mono
Mono path[0] = '/Applications/Unity/Hub/Editor/2020.3.5f1/Unity.app/Contents/Managed'
Mono path[1] = '/Applications/Unity/Hub/Editor/2020.3.5f1/Unity.app/Contents/MonoBleedingEdge/lib/mono/unityjit'
Mono config path = '/Applications/Unity/Hub/Editor/2020.3.5f1/Unity.app/Contents/MonoBleedingEdge/etc'
Using monoOptions --debugger-agent=transport=dt_socket,embedding=1,server=y,suspend=n,address=127.0.0.1:56406
Begin MonoManager ReloadAssembly
Registering precompiled unity dll's ...
Register platform support module: /Applications/Unity/Hub/Editor/2020.3.5f1/Unity.app/Contents/PlaybackEngines/MacStandaloneSupport/UnityEditor.OSXStandalone.Extensions.dll
Registered in 0.001374 seconds.
Native extension for OSXStandalone target not found
Refreshing native plugins compatible for Editor in 23.80 ms, found 1 plugins.
Preloading 0 native plugins for Editor in 0.00 ms.
Mono: successfully reloaded assembly
- Completed reload, in  3.244 seconds
Platform modules already initialized, skipping
Registering precompiled user dll's ...
Registered in 0.001633 seconds.
Begin MonoManager ReloadAssembly
Native extension for OSXStandalone target not found
Refreshing native plugins compatible for Editor in 0.24 ms, found 1 plugins.
Preloading 0 native plugins for Editor in 0.00 ms.
Mono: successfully reloaded assembly
- Completed reload, in  1.221 seconds
Platform modules already initialized, skipping
========================================================================
Worker process is ready to serve import requests
Launching external process: /Applications/Unity/Hub/Editor/2020.3.5f1/Unity.app/Contents/Tools/UnityShaderCompiler
Launched and connected shader compiler UnityShaderCompiler after 0.02 seconds
Refreshing native plugins compatible for Editor in 0.66 ms, found 1 plugins.
Preloading 0 native plugins for Editor in 0.00 ms.
Unloading 1139 Unused Serialized files (Serialized files now loaded: 0)
System memory in use before: 115.3 MB.
System memory in use after: 115.4 MB.

Unloading 17 unused Assets to reduce memory usage. Loaded Objects now: 1582.
Total: 2.564849 ms (FindLiveObjects: 0.128141 ms CreateObjectMapping: 0.031051 ms MarkObjects: 2.273724 ms  DeleteObjects: 0.130173 ms)

========================================================================
Received Import Request.
  path: Assets/Bidmad/Scripts/AdSample/BannerAdSample.cs
  artifactKey: Guid(5cacd88db9ec74dafb2d950cb85705ff) Importer(815301076,1909f56bfc062723c751e8b465ee728b)
Start importing Assets/Bidmad/Scripts/AdSample/BannerAdSample.cs using Guid(5cacd88db9ec74dafb2d950cb85705ff) Importer(815301076,1909f56bfc062723c751e8b465ee728b)  -> (artifact id: 'eaf225a2e984d03221748adc51e6cf69') in 0.402119 seconds
  Import took 0.404577 seconds .

========================================================================
Received Prepare
Registering precompiled user dll's ...
Registered in 0.001144 seconds.
Begin MonoManager ReloadAssembly
Native extension for OSXStandalone target not found
Refreshing native plugins compatible for Editor in 0.23 ms, found 1 plugins.
Preloading 0 native plugins for Editor in 0.00 ms.
Mono: successfully reloaded assembly
- Completed reload, in  1.154 seconds
Platform modules already initialized, skipping
Switching build target platform(2) subTarget(0) extendedPlatform(0) -> platform(9) subTarget(16777218) extendedPlatform(0)
Refreshing native plugins compatible for Editor in 0.25 ms, found 1 plugins.
Preloading 0 native plugins for Editor in 0.00 ms.
Unloading 1136 Unused Serialized files (Serialized files now loaded: 0)
System memory in use before: 119.4 MB.
System memory in use after: 119.5 MB.

Unloading 12 unused Assets to reduce memory usage. Loaded Objects now: 1585.
Total: 2.015711 ms (FindLiveObjects: 0.177327 ms CreateObjectMapping: 0.081956 ms MarkObjects: 1.691587 ms  DeleteObjects: 0.063309 ms)

AssetImportParameters requested are different than current active one (requested -> active):
  custom:graphics/normal-map-encoding: 01000000000000000000000000000000 -> 02000000000000000000000000000000
========================================================================
Received Import Request.
  Time since last request: 24.874553 seconds.
  path: Assets/Bidmad/Scripts/AdSample/BannerAdSample.cs
  artifactKey: Guid(5cacd88db9ec74dafb2d950cb85705ff) Importer(815301076,1909f56bfc062723c751e8b465ee728b)
Start importing Assets/Bidmad/Scripts/AdSample/BannerAdSample.cs using Guid(5cacd88db9ec74dafb2d950cb85705ff) Importer(815301076,1909f56bfc062723c751e8b465ee728b)  -> (artifact id: 'c5c9a02c9c45a56a18f4e6c3e08c58af') in 0.007435 seconds
  Import took 0.009718 seconds .

========================================================================
Received Prepare
Registering precompiled user dll's ...
Registered in 0.001200 seconds.
Begin MonoManager ReloadAssembly
Native extension for OSXStandalone target not found
Refreshing native plugins compatible for Editor in 0.23 ms, found 1 plugins.
Preloading 0 native plugins for Editor in 0.00 ms.
Mono: successfully reloaded assembly
- Completed reload, in  1.090 seconds
Platform modules already initialized, skipping
Switching build target platform(2) subTarget(0) extendedPlatform(0) -> platform(9) subTarget(16777218) extendedPlatform(0)
Refreshing native plugins compatible for Editor in 0.25 ms, found 1 plugins.
Preloading 0 native plugins for Editor in 0.00 ms.
Unloading 1136 Unused Serialized files (Serialized files now loaded: 0)
System memory in use before: 119.6 MB.
System memory in use after: 119.7 MB.

Unloading 12 unused Assets to reduce memory usage. Loaded Objects now: 1588.
Total: 2.266111 ms (FindLiveObjects: 0.227559 ms CreateObjectMapping: 0.062530 ms MarkObjects: 1.945628 ms  DeleteObjects: 0.028660 ms)

AssetImportParameters requested are different than current active one (requested -> active):
  custom:graphics/normal-map-encoding: 01000000000000000000000000000000 -> 02000000000000000000000000000000
========================================================================
Received Import Request.
  Time since last request: 20.570408 seconds.
  path: Assets/Bidmad/Scripts/AdSample/BannerAdSample.cs
  artifactKey: Guid(5cacd88db9ec74dafb2d950cb85705ff) Importer(815301076,1909f56bfc062723c751e8b465ee728b)
Start importing Assets/Bidmad/Scripts/AdSample/BannerAdSample.cs using Guid(5cacd88db9ec74dafb2d950cb85705ff) Importer(815301076,1909f56bfc062723c751e8b465ee728b)  -> (artifact id: '1ab6c2b33203d348168b0820ad2859cf') in 0.006069 seconds
  Import took 0.008261 seconds .

========================================================================
Received Prepare
Registering precompiled user dll's ...
Registered in 0.001017 seconds.
Begin MonoManager ReloadAssembly
Native extension for OSXStandalone target not found
Refreshing native plugins compatible for Editor in 0.22 ms, found 1 plugins.
Preloading 0 native plugins for Editor in 0.00 ms.
Mono: successfully reloaded assembly
- Completed reload, in  1.010 seconds
Platform modules already initialized, skipping
Switching build target platform(2) subTarget(0) extendedPlatform(0) -> platform(9) subTarget(16777218) extendedPlatform(0)
Refreshing native plugins compatible for Editor in 0.28 ms, found 1 plugins.
Preloading 0 native plugins for Editor in 0.00 ms.
Unloading 1136 Unused Serialized files (Serialized files now loaded: 0)
System memory in use before: 119.8 MB.
System memory in use after: 119.9 MB.

Unloading 12 unused Assets to reduce memory usage. Loaded Objects now: 1591.
Total: 1.590473 ms (FindLiveObjects: 0.174196 ms CreateObjectMapping: 0.041710 ms MarkObjects: 1.321777 ms  DeleteObjects: 0.051277 ms)

AssetImportParameters requested are different than current active one (requested -> active):
  custom:graphics/normal-map-encoding: 01000000000000000000000000000000 -> 02000000000000000000000000000000
========================================================================
Received Import Request.
  Time since last request: 182.254242 seconds.
  path: Assets/Bidmad/Scripts/AdSample/BannerAdSample.cs
  artifactKey: Guid(5cacd88db9ec74dafb2d950cb85705ff) Importer(815301076,1909f56bfc062723c751e8b465ee728b)
Start importing Assets/Bidmad/Scripts/AdSample/BannerAdSample.cs using Guid(5cacd88db9ec74dafb2d950cb85705ff) Importer(815301076,1909f56bfc062723c751e8b465ee728b)  -> (artifact id: '35f6cff660cfa76b826e118d9b44236f') in 0.005622 seconds
  Import took 0.008226 seconds .

